#
# A fatal error has been detected by the Java Runtime Environment:
#
#  EXCEPTION_ACCESS_VIOLATION (0xc0000005) at pc=0x4d067fae, pid=14400, tid=14944
#
# JRE version: Java(TM) SE Runtime Environment (7.0_55-b13) (build 1.7.0_55-b13)
# Java VM: Java HotSpot(TM) Client VM (24.55-b03 mixed mode windows-x86 )
# Problematic frame:
# C  [ig9icd32.dll+0x77fae]
#
# Failed to write core dump. Minidumps are not enabled by default on client versions of Windows
#
# If you would like to submit a bug report, please visit:
#   http://bugreport.sun.com/bugreport/crash.jsp
# The crash happened outside the Java Virtual Machine in native code.
# See problematic frame for where to report the bug.
#

---------------  T H R E A D  ---------------

Current thread (0x02bc2400):  JavaThread "Client thread" [_thread_in_native, id=14944, stack(0x02b10000,0x02b60000)]

siginfo: ExceptionCode=0xc0000005, writing address 0x00000098

Registers:
EAX=0x00000098, EBX=0x00000098, ECX=0x007bf5e4, EDX=0x00000000
ESP=0x02b5da48, EBP=0x02b5da64, ESI=0x0123b550, EDI=0x00000000
EIP=0x4d067fae, EFLAGS=0x00010202

Top of Stack: (sp=0x02b5da48)
0x02b5da48:   0123b550 0121eb40 02b5df94 00000000
0x02b5da58:   00000000 007bf5e4 05000000 02b5df80
0x02b5da68:   4d057209 000000a0 00000000 0121eb40
0x02b5da78:   4db08590 00000025 50247da8 02b5daa8
0x02b5da88:   774f799d 517e9998 02b5df38 02b5daec
0x02b5da98:   02b5dad4 4d4ab145 4d93e6f0 02b5daec
0x02b5daa8:   02b5df38 6c32a698 02b5df38 4d4ab28d
0x02b5dab8:   4d93e6e8 00000000 00000000 00000000 

Instructions: (pc=0x4d067fae)
0x4d067f8e:   04 80 8d 04 c3 85 c0 75 14 57 8b cb e8 61 ef 3f
0x4d067f9e:   00 85 c0 75 08 57 8b cb e8 65 f0 3f 00 8b 4d f8
0x4d067fae:   89 08 8b 4d f4 89 48 04 8b 45 f0 c7 40 08 00 00
0x4d067fbe:   00 00 8b 46 10 8b 90 88 01 02 00 8b 88 8c 01 02 


Register to memory mapping:

EAX=0x00000098 is an unknown value
EBX=0x00000098 is an unknown value
ECX=0x007bf5e4 is an unknown value
EDX=0x00000000 is an unknown value
ESP=0x02b5da48 is pointing into the stack for thread: 0x02bc2400
EBP=0x02b5da64 is pointing into the stack for thread: 0x02bc2400
ESI=0x0123b550 is an unknown value
EDI=0x00000000 is an unknown value


Stack: [0x02b10000,0x02b60000],  sp=0x02b5da48,  free space=310k
Native frames: (J=compiled Java code, j=interpreted, Vv=VM code, C=native code)
C  [ig9icd32.dll+0x77fae]
C  [ig9icd32.dll+0x67209]
C  [ig9icd32.dll+0x168096]
C  [ig9icd32.dll+0x487b98]
C  [ig9icd32.dll+0x162ca2]
C  [ig9icd32.dll+0x48810c]
C  [ig9icd32.dll+0xd0c46]
C  [ig9icd32.dll+0x2a08bb]
C  [ig9icd32.dll+0x408ac1]
C  [lwjgl.dll+0x9c03]
J  net.minecraft.client.renderer.Tessellator.draw()I
j  net.minecraft.client.main.Main.main([Ljava/lang/String;)V+998
v  ~StubRoutines::call_stub
V  [jvm.dll+0x13f25a]
V  [jvm.dll+0x202c1e]
V  [jvm.dll+0x13f2dd]
V  [jvm.dll+0x14b5ee]
V  [jvm.dll+0x14b815]
V  [jvm.dll+0xf12c9]
C  [java.dll+0x7d93]
j  sun.reflect.NativeMethodAccessorImpl.invoke(Ljava/lang/Object;[Ljava/lang/Object;)Ljava/lang/Object;+87
j  sun.reflect.DelegatingMethodAccessorImpl.invoke(Ljava/lang/Object;[Ljava/lang/Object;)Ljava/lang/Object;+6
j  java.lang.reflect.Method.invoke(Ljava/lang/Object;[Ljava/lang/Object;)Ljava/lang/Object;+57
j  net.minecraft.launchwrapper.Launch.launch([Ljava/lang/String;)V+661
j  net.minecraft.launchwrapper.Launch.main([Ljava/lang/String;)V+8
j  net.minecraftforge.gradle.GradleStartCommon.launch([Ljava/lang/String;)V+181
j  GradleStart.main([Ljava/lang/String;)V+11
v  ~StubRoutines::call_stub
V  [jvm.dll+0x13f25a]
V  [jvm.dll+0x202c1e]
V  [jvm.dll+0x13f2dd]
V  [jvm.dll+0x14b5ee]
V  [jvm.dll+0x14b815]
V  [jvm.dll+0xf12c9]
C  [java.dll+0x7d93]
j  sun.reflect.NativeMethodAccessorImpl.invoke(Ljava/lang/Object;[Ljava/lang/Object;)Ljava/lang/Object;+87
j  sun.reflect.DelegatingMethodAccessorImpl.invoke(Ljava/lang/Object;[Ljava/lang/Object;)Ljava/lang/Object;+6
j  java.lang.reflect.Method.invoke(Ljava/lang/Object;[Ljava/lang/Object;)Ljava/lang/Object;+57
j  com.intellij.rt.execution.application.AppMain.main([Ljava/lang/String;)V+180
v  ~StubRoutines::call_stub
V  [jvm.dll+0x13f25a]
V  [jvm.dll+0x202c1e]
V  [jvm.dll+0x13f2dd]
V  [jvm.dll+0xc98a5]
V  [jvm.dll+0xd4567]
C  [java.exe+0x2063]
C  [java.exe+0xa591]
C  [java.exe+0xa61b]
C  [KERNEL32.DLL+0x162c4]
C  [ntdll.dll+0x60719]
C  [ntdll.dll+0x606e4]

Java frames: (J=compiled Java code, j=interpreted, Vv=VM code)
J  org.lwjgl.opengl.GL11.nglDrawArrays(IIIJ)V
J  net.minecraft.client.renderer.Tessellator.draw()I
J  net.minecraft.client.gui.GuiMainMenu.drawPanorama(IIF)V
J  net.minecraft.client.gui.GuiMainMenu.renderSkybox(IIF)V
J  net.minecraft.client.gui.GuiMainMenu.drawScreen(IIF)V
J  net.minecraft.client.renderer.EntityRenderer.updateCameraAndRender(F)V
J  net.minecraft.client.Minecraft.runGameLoop()V
j  net.minecraft.client.Minecraft.run()V+61
j  net.minecraft.client.main.Main.main([Ljava/lang/String;)V+998
v  ~StubRoutines::call_stub
j  sun.reflect.NativeMethodAccessorImpl.invoke0(Ljava/lang/reflect/Method;Ljava/lang/Object;[Ljava/lang/Object;)Ljava/lang/Object;+0
j  sun.reflect.NativeMethodAccessorImpl.invoke(Ljava/lang/Object;[Ljava/lang/Object;)Ljava/lang/Object;+87
j  sun.reflect.DelegatingMethodAccessorImpl.invoke(Ljava/lang/Object;[Ljava/lang/Object;)Ljava/lang/Object;+6
j  java.lang.reflect.Method.invoke(Ljava/lang/Object;[Ljava/lang/Object;)Ljava/lang/Object;+57
j  net.minecraft.launchwrapper.Launch.launch([Ljava/lang/String;)V+661
j  net.minecraft.launchwrapper.Launch.main([Ljava/lang/String;)V+8
j  net.minecraftforge.gradle.GradleStartCommon.launch([Ljava/lang/String;)V+181
j  GradleStart.main([Ljava/lang/String;)V+11
v  ~StubRoutines::call_stub
j  sun.reflect.NativeMethodAccessorImpl.invoke0(Ljava/lang/reflect/Method;Ljava/lang/Object;[Ljava/lang/Object;)Ljava/lang/Object;+0
j  sun.reflect.NativeMethodAccessorImpl.invoke(Ljava/lang/Object;[Ljava/lang/Object;)Ljava/lang/Object;+87
j  sun.reflect.DelegatingMethodAccessorImpl.invoke(Ljava/lang/Object;[Ljava/lang/Object;)Ljava/lang/Object;+6
j  java.lang.reflect.Method.invoke(Ljava/lang/Object;[Ljava/lang/Object;)Ljava/lang/Object;+57
j  com.intellij.rt.execution.application.AppMain.main([Ljava/lang/String;)V+180
v  ~StubRoutines::call_stub

---------------  P R O C E S S  ---------------

Java Threads: ( => current thread )
  0x506e1c00 JavaThread "Netty IO #3" daemon [_thread_in_native, id=14884, stack(0x51a30000,0x51a80000)]
  0x506e6000 JavaThread "Netty Client IO #1" daemon [_thread_in_native, id=12128, stack(0x50460000,0x504b0000)]
  0x506e2800 JavaThread "Netty IO #2" daemon [_thread_in_native, id=11412, stack(0x01100000,0x01150000)]
  0x506e6800 JavaThread "File IO Thread" [_thread_blocked, id=12420, stack(0x5cd70000,0x5cdc0000)]
  0x58409400 JavaThread "Chunk I/O Executor Thread-1" daemon [_thread_blocked, id=11508, stack(0x52230000,0x52280000)]
  0x58408800 JavaThread "Netty IO #1" daemon [_thread_in_native, id=2968, stack(0x521a0000,0x521f0000)]
  0x58406400 JavaThread "Netty Client IO #0" daemon [_thread_in_native, id=4364, stack(0x52110000,0x52160000)]
  0x58407c00 JavaThread "Netty IO #0" daemon [_thread_in_native, id=13120, stack(0x51f60000,0x51fb0000)]
  0x58408000 JavaThread "Thread-11" [_thread_blocked, id=5628, stack(0x51b50000,0x51ba0000)]
  0x58407000 JavaThread "Thread-10" [_thread_blocked, id=4840, stack(0x51ac0000,0x51b10000)]
  0x505f1000 JavaThread "LWJGL Timer" daemon [_thread_blocked, id=14120, stack(0x504f0000,0x50540000)]
  0x4c649800 JavaThread "Java2D Disposer" daemon [_thread_blocked, id=8416, stack(0x4cde0000,0x4ce30000)]
  0x4c507c00 JavaThread "Timer hack thread" daemon [_thread_blocked, id=8236, stack(0x4cd50000,0x4cda0000)]
  0x4c4d0000 JavaThread "Snooper Timer" daemon [_thread_blocked, id=10836, stack(0x4cc90000,0x4cce0000)]
  0x4b934400 JavaThread "Monitor Ctrl-Break" daemon [_thread_in_native, id=9272, stack(0x4bf20000,0x4bf70000)]
  0x4b6d6000 JavaThread "Service Thread" daemon [_thread_blocked, id=9008, stack(0x4bd00000,0x4bd50000)]
  0x4b6d2c00 JavaThread "C1 CompilerThread0" daemon [_thread_blocked, id=6272, stack(0x4bc70000,0x4bcc0000)]
  0x4b6d0400 JavaThread "Attach Listener" daemon [_thread_blocked, id=10688, stack(0x4bbc0000,0x4bc10000)]
  0x4b6c7c00 JavaThread "Signal Dispatcher" daemon [_thread_blocked, id=11892, stack(0x4bb30000,0x4bb80000)]
  0x4b6c7400 JavaThread "Surrogate Locker Thread (Concurrent GC)" daemon [_thread_blocked, id=2784, stack(0x4baa0000,0x4baf0000)]
  0x4b6ad800 JavaThread "Finalizer" daemon [_thread_blocked, id=7740, stack(0x4b600000,0x4b650000)]
  0x4973b000 JavaThread "Reference Handler" daemon [_thread_blocked, id=10904, stack(0x4b570000,0x4b5c0000)]
=>0x02bc2400 JavaThread "Client thread" [_thread_in_native, id=14944, stack(0x02b10000,0x02b60000)]

Other Threads:
  0x49738000 VMThread [stack: 0x4b4e0000,0x4b530000] [id=13724]
  0x4b6e3400 WatcherThread [stack: 0x4bd90000,0x4bde0000] [id=13748]

VM state:not at safepoint (normal execution)

VM Mutex/Monitor currently owned by a thread: None

Heap
 par new generation   total 314560K, used 7149K [0x05180000, 0x1a6d0000, 0x1a6d0000)
  eden space 279616K,   2% used [0x05180000, 0x0587b790, 0x16290000)
  from space 34944K,   0% used [0x184b0000, 0x184b0000, 0x1a6d0000)
  to   space 34944K,   0% used [0x16290000, 0x16290000, 0x184b0000)
 concurrent mark-sweep generation total 699072K, used 83001K [0x1a6d0000, 0x45180000, 0x45180000)
 concurrent-mark-sweep perm gen total 40712K, used 24362K [0x45180000, 0x47942000, 0x49180000)

Card table byte_map: [0x49180000,0x493b0000] byte_map_base: 0x49157400

Polling page: 0x01360000

Code Cache  [0x02cc0000, 0x036d8000, 0x04cc0000)
 total_blobs=4844 nmethods=4434 adapters=343 free_code_cache=22457Kb largest_free_block=22994624

Compilation events (10 events):
Event: 211.823 Thread 0x4b6d2c00 4489             com.google.common.collect.ImmutableList::reverse (9 bytes)
Event: 211.823 Thread 0x4b6d2c00 nmethod 4489 0x036d1308 code [0x036d1400, 0x036d14d0]
Event: 215.021 Thread 0x4b6d2c00 4490             net.minecraft.client.Minecraft::displayInGameMenu (43 bytes)
Event: 215.022 Thread 0x4b6d2c00 nmethod 4490 0x036d1548 code [0x036d1670, 0x036d18b8]
Event: 227.928 Thread 0x4b6d2c00 4491             io.netty.util.concurrent.DefaultPromise::isCancelled0 (26 bytes)
Event: 227.928 Thread 0x4b6d2c00 nmethod 4491 0x036d1a48 code [0x036d1b40, 0x036d1c50]
Event: 233.931 Thread 0x4b6d2c00 4492             io.netty.util.concurrent.DefaultPromise::isCancelled (8 bytes)
Event: 233.931 Thread 0x4b6d2c00 nmethod 4492 0x036d1cc8 code [0x036d1dc0, 0x036d1ee0]
Event: 235.521 Thread 0x4b6d2c00 4493             net.minecraft.client.gui.GuiMainMenu::updateScreen (11 bytes)
Event: 235.521 Thread 0x4b6d2c00 nmethod 4493 0x036d1f88 code [0x036d2080, 0x036d2100]

GC Heap History (10 events):
Event: 125.024 GC heap before
{Heap before GC invocations=19 (full 18):
 par new generation   total 314560K, used 287041K [0x05180000, 0x1a6d0000, 0x1a6d0000)
  eden space 279616K, 100% used [0x05180000, 0x16290000, 0x16290000)
  from space 34944K,  21% used [0x184b0000, 0x18bf0540, 0x1a6d0000)
  to   space 34944K,   0% used [0x16290000, 0x16290000, 0x184b0000)
 concurrent mark-sweep generation total 699072K, used 81509K [0x1a6d0000, 0x45180000, 0x45180000)
 concurrent-mark-sweep perm gen total 39608K, used 24348K [0x45180000, 0x4782e000, 0x49180000)
Event: 125.027 GC heap after
Heap after GC invocations=20 (full 18):
 par new generation   total 314560K, used 7312K [0x05180000, 0x1a6d0000, 0x1a6d0000)
  eden space 279616K,   0% used [0x05180000, 0x05180000, 0x16290000)
  from space 34944K,  20% used [0x16290000, 0x169b4088, 0x184b0000)
  to   space 34944K,   0% used [0x184b0000, 0x184b0000, 0x1a6d0000)
 concurrent mark-sweep generation total 699072K, used 81509K [0x1a6d0000, 0x45180000, 0x45180000)
 concurrent-mark-sweep perm gen total 39608K, used 24348K [0x45180000, 0x4782e000, 0x49180000)
}
Event: 132.460 GC heap before
{Heap before GC invocations=20 (full 18):
 par new generation   total 314560K, used 278386K [0x05180000, 0x1a6d0000, 0x1a6d0000)
  eden space 279616K,  96% used [0x05180000, 0x15a387b8, 0x16290000)
  from space 34944K,  20% used [0x16290000, 0x169b4088, 0x184b0000)
  to   space 34944K,   0% used [0x184b0000, 0x184b0000, 0x1a6d0000)
 concurrent mark-sweep generation total 699072K, used 77678K [0x1a6d0000, 0x45180000, 0x45180000)
 concurrent-mark-sweep perm gen total 40584K, used 24348K [0x45180000, 0x47922000, 0x49180000)
Event: 132.464 GC heap after
Heap after GC invocations=21 (full 18):
 par new generation   total 314560K, used 9397K [0x05180000, 0x1a6d0000, 0x1a6d0000)
  eden space 279616K,   0% used [0x05180000, 0x05180000, 0x16290000)
  from space 34944K,  26% used [0x184b0000, 0x18ddd448, 0x1a6d0000)
  to   space 34944K,   0% used [0x16290000, 0x16290000, 0x184b0000)
 concurrent mark-sweep generation total 699072K, used 77678K [0x1a6d0000, 0x45180000, 0x45180000)
 concurrent-mark-sweep perm gen total 40584K, used 24348K [0x45180000, 0x47922000, 0x49180000)
}
Event: 140.724 GC heap before
{Heap before GC invocations=21 (full 19):
 par new generation   total 314560K, used 289013K [0x05180000, 0x1a6d0000, 0x1a6d0000)
  eden space 279616K, 100% used [0x05180000, 0x16290000, 0x16290000)
  from space 34944K,  26% used [0x184b0000, 0x18ddd448, 0x1a6d0000)
  to   space 34944K,   0% used [0x16290000, 0x16290000, 0x184b0000)
 concurrent mark-sweep generation total 699072K, used 77678K [0x1a6d0000, 0x45180000, 0x45180000)
 concurrent-mark-sweep perm gen total 40584K, used 24348K [0x45180000, 0x47922000, 0x49180000)
Event: 140.727 GC heap after
Heap after GC invocations=22 (full 19):
 par new generation   total 314560K, used 8623K [0x05180000, 0x1a6d0000, 0x1a6d0000)
  eden space 279616K,   0% used [0x05180000, 0x05180000, 0x16290000)
  from space 34944K,  24% used [0x16290000, 0x16afbe40, 0x184b0000)
  to   space 34944K,   0% used [0x184b0000, 0x184b0000, 0x1a6d0000)
 concurrent mark-sweep generation total 699072K, used 77678K [0x1a6d0000, 0x45180000, 0x45180000)
 concurrent-mark-sweep perm gen total 40584K, used 24348K [0x45180000, 0x47922000, 0x49180000)
}
Event: 149.024 GC heap before
{Heap before GC invocations=22 (full 19):
 par new generation   total 314560K, used 288239K [0x05180000, 0x1a6d0000, 0x1a6d0000)
  eden space 279616K, 100% used [0x05180000, 0x16290000, 0x16290000)
  from space 34944K,  24% used [0x16290000, 0x16afbe40, 0x184b0000)
  to   space 34944K,   0% used [0x184b0000, 0x184b0000, 0x1a6d0000)
 concurrent mark-sweep generation total 699072K, used 77286K [0x1a6d0000, 0x45180000, 0x45180000)
 concurrent-mark-sweep perm gen total 40584K, used 24348K [0x45180000, 0x47922000, 0x49180000)
Event: 149.028 GC heap after
Heap after GC invocations=23 (full 19):
 par new generation   total 314560K, used 8836K [0x05180000, 0x1a6d0000, 0x1a6d0000)
  eden space 279616K,   0% used [0x05180000, 0x05180000, 0x16290000)
  from space 34944K,  25% used [0x184b0000, 0x18d51150, 0x1a6d0000)
  to   space 34944K,   0% used [0x16290000, 0x16290000, 0x184b0000)
 concurrent mark-sweep generation total 699072K, used 77286K [0x1a6d0000, 0x45180000, 0x45180000)
 concurrent-mark-sweep perm gen total 40584K, used 24348K [0x45180000, 0x47922000, 0x49180000)
}
Event: 157.672 GC heap before
{Heap before GC invocations=23 (full 20):
 par new generation   total 314560K, used 274735K [0x05180000, 0x1a6d0000, 0x1a6d0000)
  eden space 279616K,  95% used [0x05180000, 0x1552aaf0, 0x16290000)
  from space 34944K,  25% used [0x184b0000, 0x18d51150, 0x1a6d0000)
  to   space 34944K,   0% used [0x16290000, 0x16290000, 0x184b0000)
 concurrent mark-sweep generation total 699072K, used 77286K [0x1a6d0000, 0x45180000, 0x45180000)
 concurrent-mark-sweep perm gen total 40584K, used 24358K [0x45180000, 0x47922000, 0x49180000)
Event: 157.851 GC heap after
Heap after GC invocations=24 (full 21):
 par new generation   total 314560K, used 0K [0x05180000, 0x1a6d0000, 0x1a6d0000)
  eden space 279616K,   0% used [0x05180000, 0x05180000, 0x16290000)
  from space 34944K,   0% used [0x184b0000, 0x184b0000, 0x1a6d0000)
  to   space 34944K,   0% used [0x16290000, 0x16290000, 0x184b0000)
 concurrent mark-sweep generation total 699072K, used 83001K [0x1a6d0000, 0x45180000, 0x45180000)
 concurrent-mark-sweep perm gen total 40712K, used 24357K [0x45180000, 0x47942000, 0x49180000)
}

Deoptimization events (0 events):
No events

Internal exceptions (10 events):
Event: 157.481 Thread 0x58407000 Threw 0x13fc1848 at C:\re\jdk7u55\869\hotspot\src\share\vm\prims\jvm.cpp:2965
Event: 157.498 Thread 0x58407000 Threw 0x13fc19e8 at C:\re\jdk7u55\869\hotspot\src\share\vm\prims\jvm.cpp:2965
Event: 157.514 Thread 0x58407000 Threw 0x13fc1b88 at C:\re\jdk7u55\869\hotspot\src\share\vm\prims\jvm.cpp:2965
Event: 157.531 Thread 0x58407000 Threw 0x13fc1d28 at C:\re\jdk7u55\869\hotspot\src\share\vm\prims\jvm.cpp:2965
Event: 157.548 Thread 0x58407000 Threw 0x13fc1ec8 at C:\re\jdk7u55\869\hotspot\src\share\vm\prims\jvm.cpp:2965
Event: 157.565 Thread 0x58407000 Threw 0x13fc2068 at C:\re\jdk7u55\869\hotspot\src\share\vm\prims\jvm.cpp:2965
Event: 157.581 Thread 0x58407000 Threw 0x13fc2208 at C:\re\jdk7u55\869\hotspot\src\share\vm\prims\jvm.cpp:2965
Event: 157.598 Thread 0x58407000 Threw 0x13fc23a8 at C:\re\jdk7u55\869\hotspot\src\share\vm\prims\jvm.cpp:2965
Event: 157.615 Thread 0x58407000 Threw 0x13fc2548 at C:\re\jdk7u55\869\hotspot\src\share\vm\prims\jvm.cpp:2965
Event: 157.851 Thread 0x58407000 Threw 0x0520d990 at C:\re\jdk7u55\869\hotspot\src\share\vm\prims\jvm.cpp:2965

Events (10 events):
Event: 152.426 Executing VM operation: CMS_Initial_Mark
Event: 152.498 Executing VM operation: CMS_Initial_Mark done
Event: 156.515 loading class 0x4c4dbe88
Event: 156.515 loading class 0x4c4dbe88 done
Event: 157.669 Thread 0x506e7400 Thread exited: 0x506e7400
Event: 157.672 Executing VM operation: GenCollectFull
Event: 157.851 Executing VM operation: GenCollectFull done
Event: 157.856 loading class 0x4b97f2d8
Event: 157.856 loading class 0x4b97f2d8 done
Event: 157.856 Thread 0x506e1000 Thread exited: 0x506e1000


Dynamic libraries:
0x00070000 - 0x0009f000 	C:\Program Files (x86)\Java\jdk1.7.0_55\bin\java.exe
0x774b0000 - 0x77632000 	C:\WINDOWS\SYSTEM32\ntdll.dll
0x75210000 - 0x752f0000 	C:\WINDOWS\System32\KERNEL32.DLL
0x746a0000 - 0x74841000 	C:\WINDOWS\System32\KERNELBASE.dll
0x5f690000 - 0x5f722000 	C:\WINDOWS\system32\apphelp.dll
0x74000000 - 0x74077000 	C:\WINDOWS\System32\ADVAPI32.dll
0x74250000 - 0x7430e000 	C:\WINDOWS\System32\msvcrt.dll
0x74310000 - 0x74351000 	C:\WINDOWS\System32\sechost.dll
0x75800000 - 0x758c1000 	C:\WINDOWS\System32\RPCRT4.dll
0x73f70000 - 0x73f8e000 	C:\WINDOWS\System32\SspiCli.dll
0x73f60000 - 0x73f6a000 	C:\WINDOWS\System32\CRYPTBASE.dll
0x759c0000 - 0x75a1a000 	C:\WINDOWS\System32\bcryptPrimitives.dll
0x75430000 - 0x7558f000 	C:\WINDOWS\System32\USER32.dll
0x74de0000 - 0x74df5000 	C:\WINDOWS\System32\win32u.dll
0x73f90000 - 0x73fbb000 	C:\WINDOWS\System32\GDI32.dll
0x740f0000 - 0x7424b000 	C:\WINDOWS\System32\gdi32full.dll
0x6ad20000 - 0x6af2a000 	C:\WINDOWS\WinSxS\x86_microsoft.windows.common-controls_6595b64144ccf1df_6.0.14393.447_none_89c64d28dafea4b9\COMCTL32.dll
0x74e00000 - 0x75011000 	C:\WINDOWS\System32\combase.dll
0x75020000 - 0x75100000 	C:\WINDOWS\System32\ucrtbase.dll
0x74500000 - 0x74525000 	C:\WINDOWS\System32\IMM32.DLL
0x50360000 - 0x5041f000 	C:\Program Files (x86)\Java\jdk1.7.0_55\jre\bin\msvcr100.dll
0x77850000 - 0x77bd0000 	C:\Program Files (x86)\Java\jdk1.7.0_55\jre\bin\client\jvm.dll
0x74450000 - 0x74456000 	C:\WINDOWS\System32\PSAPI.DLL
0x71530000 - 0x71554000 	C:\WINDOWS\SYSTEM32\WINMM.dll
0x73d30000 - 0x73d38000 	C:\WINDOWS\SYSTEM32\WSOCK32.dll
0x74080000 - 0x740e3000 	C:\WINDOWS\System32\WS2_32.dll
0x71420000 - 0x71443000 	C:\WINDOWS\SYSTEM32\WINMMBASE.dll
0x73fc0000 - 0x73ff6000 	C:\WINDOWS\System32\cfgmgr32.dll
0x6b4d0000 - 0x6b4dc000 	C:\Program Files (x86)\Java\jdk1.7.0_55\jre\bin\verify.dll
0x52450000 - 0x52470000 	C:\Program Files (x86)\Java\jdk1.7.0_55\jre\bin\java.dll
0x505b0000 - 0x505c3000 	C:\Program Files (x86)\Java\jdk1.7.0_55\jre\bin\zip.dll
0x02ba0000 - 0x02ba7000 	C:\Program Files (x86)\JetBrains\IntelliJ IDEA Community Edition 15.0.3\bin\breakgen.dll
0x50590000 - 0x505a4000 	C:\Program Files (x86)\Java\jdk1.7.0_55\jre\bin\net.dll
0x72420000 - 0x7246e000 	C:\WINDOWS\system32\mswsock.dll
0x6af70000 - 0x6af7a000 	C:\Program Files (x86)\Java\jdk1.7.0_55\jre\bin\management.dll
0x5f650000 - 0x5f65f000 	C:\Program Files (x86)\Java\jdk1.7.0_55\jre\bin\nio.dll
0x6b440000 - 0x6b452000 	C:\WINDOWS\system32\napinsp.dll
0x6b420000 - 0x6b436000 	C:\WINDOWS\system32\pnrpnsp.dll
0x6ee40000 - 0x6ee54000 	C:\WINDOWS\system32\NLAapi.dll
0x73860000 - 0x738dc000 	C:\WINDOWS\SYSTEM32\DNSAPI.dll
0x74850000 - 0x74857000 	C:\WINDOWS\System32\NSI.dll
0x73830000 - 0x7385f000 	C:\WINDOWS\SYSTEM32\IPHLPAPI.DLL
0x6b410000 - 0x6b41c000 	C:\WINDOWS\System32\winrnr.dll
0x6ee60000 - 0x6ee68000 	C:\Windows\System32\rasadhlp.dll
0x6ee70000 - 0x6eeb9000 	C:\WINDOWS\System32\fwpuclnt.dll
0x73480000 - 0x7349b000 	C:\WINDOWS\SYSTEM32\bcrypt.dll
0x4cbc0000 - 0x4cc0d000 	C:\Users\pstae\.gradle\caches\minecraft\net\minecraft\minecraft_natives\1.7.10\lwjgl.dll
0x77770000 - 0x77850000 	C:\WINDOWS\SYSTEM32\OPENGL32.dll
0x73bb0000 - 0x73bb8000 	C:\WINDOWS\SYSTEM32\VERSION.dll
0x50330000 - 0x50355000 	C:\WINDOWS\SYSTEM32\GLU32.dll
0x6ab90000 - 0x6ac7d000 	C:\WINDOWS\SYSTEM32\DDRAW.dll
0x6ab80000 - 0x6ab87000 	C:\WINDOWS\SYSTEM32\DCIMAN32.dll
0x734c0000 - 0x734d3000 	C:\WINDOWS\SYSTEM32\CRYPTSP.dll
0x73450000 - 0x7347f000 	C:\WINDOWS\system32\rsaenh.dll
0x72b70000 - 0x72b8a000 	C:\WINDOWS\SYSTEM32\USERENV.dll
0x74dd0000 - 0x74ddf000 	C:\WINDOWS\System32\profapi.dll
0x72400000 - 0x72413000 	C:\WINDOWS\SYSTEM32\dhcpcsvc6.DLL
0x723e0000 - 0x723f4000 	C:\WINDOWS\SYSTEM32\dhcpcsvc.DLL
0x6d000000 - 0x6d143000 	C:\Program Files (x86)\Java\jdk1.7.0_55\jre\bin\awt.dll
0x74460000 - 0x744f4000 	C:\WINDOWS\System32\OLEAUT32.dll
0x74940000 - 0x749bb000 	C:\WINDOWS\System32\msvcp_win.dll
0x6bcc0000 - 0x6bd35000 	C:\WINDOWS\system32\uxtheme.dll
0x752f0000 - 0x75425000 	C:\WINDOWS\System32\MSCTF.dll
0x6b110000 - 0x6b12f000 	C:\WINDOWS\system32\dwmapi.dll
0x4cff0000 - 0x4d9c8000 	C:\WINDOWS\SYSTEM32\ig9icd32.dll
0x76020000 - 0x773f9000 	C:\WINDOWS\System32\SHELL32.dll
0x75ab0000 - 0x7601e000 	C:\WINDOWS\System32\windows.storage.dll
0x748f0000 - 0x74935000 	C:\WINDOWS\System32\powrprof.dll
0x75a20000 - 0x75a66000 	C:\WINDOWS\System32\shlwapi.dll
0x75160000 - 0x7516d000 	C:\WINDOWS\System32\kernel.appcore.dll
0x74860000 - 0x748e8000 	C:\WINDOWS\System32\shcore.dll
0x65270000 - 0x65efd000 	C:\WINDOWS\SYSTEM32\igc32.dll
0x73680000 - 0x7368f000 	C:\WINDOWS\SYSTEM32\WTSAPI32.dll
0x64d00000 - 0x64d85000 	C:\WINDOWS\SYSTEM32\mscms.dll
0x722e0000 - 0x7231d000 	C:\WINDOWS\SYSTEM32\icm32.dll
0x51c30000 - 0x51c95000 	C:\Users\pstae\.gradle\caches\minecraft\net\minecraft\minecraft_natives\1.7.10\OpenAL32.dll
0x758d0000 - 0x759ba000 	C:\WINDOWS\System32\ole32.dll
0x75770000 - 0x757f4000 	C:\WINDOWS\System32\clbcatq.dll
0x6b470000 - 0x6b4c8000 	C:\WINDOWS\System32\MMDevApi.dll
0x713f0000 - 0x71412000 	C:\WINDOWS\System32\DEVOBJ.dll
0x6fa80000 - 0x6fbcf000 	C:\WINDOWS\System32\PROPSYS.dll
0x51cf0000 - 0x51d79000 	C:\WINDOWS\SYSTEM32\dsound.dll
0x6b340000 - 0x6b3bb000 	C:\WINDOWS\SYSTEM32\AUDIOSES.DLL
0x6b270000 - 0x6b33f000 	C:\WINDOWS\SYSTEM32\wintypes.dll
0x52310000 - 0x52330000 	C:\Program Files (x86)\Java\jdk1.7.0_55\jre\bin\sunec.dll
0x5f5d0000 - 0x5f5d9000 	C:\Program Files (x86)\Java\jdk1.7.0_55\jre\bin\sunmscapi.dll
0x755f0000 - 0x7576d000 	C:\WINDOWS\System32\CRYPT32.dll
0x75a90000 - 0x75a9e000 	C:\WINDOWS\System32\MSASN1.dll
0x712a0000 - 0x713e5000 	C:\WINDOWS\SYSTEM32\dbghelp.dll

VM Arguments:
jvm_args: -Xincgc -Xmx1024M -Xms1024M -Didea.launcher.port=7532 -Didea.launcher.bin.path=C:\Program Files (x86)\JetBrains\IntelliJ IDEA Community Edition 15.0.3\bin -Dfile.encoding=UTF-8 
java_command: com.intellij.rt.execution.application.AppMain GradleStart
Launcher Type: SUN_STANDARD

Environment Variables:
PATH=C:\ProgramData\Oracle\Java\javapath;C:\Program Files (x86)\Intel\iCLS Client\;C:\Program Files\Intel\iCLS Client\;C:\Windows\system32;C:\Windows;C:\Windows\System32\Wbem;C:\Windows\System32\WindowsPowerShell\v1.0\;C:\Program Files (x86)\Intel\Intel(R) Management Engine Components\DAL;C:\Program Files\Intel\Intel(R) Management Engine Components\DAL;C:\Program Files (x86)\Intel\Intel(R) Management Engine Components\IPT;C:\Program Files\Intel\Intel(R) Management Engine Components\IPT;C:\Program Files (x86)\NVIDIA Corporation\PhysX\Common;C:\WINDOWS\system32\config\systemprofile\.dnx\bin;C:\Program Files\Microsoft DNX\Dnvm\;C:\Program Files\Microsoft SQL Server\120\Tools\Binn\;C:\Program Files (x86)\Windows Kits\10\Windows Performance Toolkit\;C:\Program Files (x86)\nodejs\;C:\Program Files (x86)\Skype\Phone\;C:\WINDOWS\system32;C:\WINDOWS;C:\WINDOWS\System32\Wbem;C:\WINDOWS\System32\WindowsPowerShell\v1.0\;C:\Program Files\MATLAB\R2014b\runtime\win64;C:\Program Files\MATLAB\R2014b\bin;C:\Python34;C:\Python34\Scripts;C:\Users\pstae\AppData\Roaming\npm;C:\Users\pstae\AppData\Local\Programs\MiKTeX 2.9\miktex\bin\;C:\Program Files (x86)\Nmap;C:\Users\pstae\AppData\Local\Microsoft\WindowsApps;C:\Program Files\CMake\bin
USERNAME=pstae
OS=Windows_NT
PROCESSOR_IDENTIFIER=Intel64 Family 6 Model 94 Stepping 3, GenuineIntel



---------------  S Y S T E M  ---------------

OS: Windows 8.1 , 64 bit Build 9600 

CPU:total 8 (4 cores per cpu, 2 threads per core) family 6 model 94 stepping 3, cmov, cx8, fxsr, mmx, sse, sse2, sse3, ssse3, sse4.1, sse4.2, popcnt, avx, avx2, aes, erms, ht, tsc, tscinvbit

Memory: 4k page, physical 16687904k(9752364k free), swap 19178272k(10681792k free)

vm_info: Java HotSpot(TM) Client VM (24.55-b03) for windows-x86 JRE (1.7.0_55-b13), built on Mar 17 2014 20:01:11 by "java_re" with unknown MS VC++:1600

time: Wed Dec 07 14:10:56 2016
elapsed time: 246 seconds

